<?xml version="1.0" encoding="UTF-8"?>
<!-- Generated by org.testng.reporters.JUnitReportReporter -->
<testsuite hostname="Lenovo" failures="0" tests="4" name="Scenarios.CompareWebTableData" time="28.574" errors="0" timestamp="2022-11-17T22:16:56 IST" skipped="1">
  <testcase classname="Scenarios.CompareWebTableData" name="readFromWebTbl" time="28.567"/>
  <system-out/>
  <testcase classname="Scenarios.CompareWebTableData" name="readFromTxtFile" time="0.003"/>
  <system-out/>
  <testcase classname="Scenarios.CompareWebTableData" name="compareData" time="0.004"/>
  <system-out/>
  <testcase classname="Scenarios.CompareWebTableData" name="compareData1">
    <skipped/>
  </testcase> <!-- compareData1 -->
  <system-out/>
</testsuite> <!-- Scenarios.CompareWebTableData -->
