<?xml version="1.0" encoding="UTF-8"?>
<!-- Generated by org.testng.reporters.JUnitReportReporter -->
<testsuite hostname="Lenovo" failures="0" tests="1" name="Scenarios.Vindeep" time="17.300" errors="0" timestamp="2022-11-17T22:16:56 IST" skipped="0">
  <testcase classname="Scenarios.Vindeep" name="HandlingDiffObjs" time="17.300"/>
  <system-out/>
</testsuite> <!-- Scenarios.Vindeep -->
