<?xml version="1.0" encoding="UTF-8"?>
<!-- Generated by org.testng.reporters.JUnitReportReporter -->
<testsuite hostname="Lenovo" failures="0" tests="1" name="Scenarios.SwitchingWindows" time="36.129" errors="0" timestamp="2022-11-21T22:31:25 IST" skipped="0">
  <testcase classname="Scenarios.SwitchingWindows" name="switchWin" time="36.129"/>
  <system-out/>
</testsuite> <!-- Scenarios.SwitchingWindows -->
