<?xml version="1.0" encoding="UTF-8"?>
<!-- Generated by org.testng.reporters.JUnitReportReporter -->
<testsuite hostname="Lenovo" failures="0" tests="4" name="Scenarios.CompareWebTableData" time="35.316" errors="0" timestamp="2022-11-21T22:31:25 IST" skipped="1">
  <testcase classname="Scenarios.CompareWebTableData" name="readFromWebTbl" time="35.301"/>
  <system-out/>
  <testcase classname="Scenarios.CompareWebTableData" name="readFromTxtFile" time="0.001"/>
  <system-out/>
  <testcase classname="Scenarios.CompareWebTableData" name="compareData" time="0.014"/>
  <system-out/>
  <testcase classname="Scenarios.CompareWebTableData" name="compareData1">
    <skipped/>
  </testcase> <!-- compareData1 -->
  <system-out/>
</testsuite> <!-- Scenarios.CompareWebTableData -->
