<?xml version="1.0" encoding="UTF-8"?>
<!-- Generated by org.testng.reporters.JUnitReportReporter -->
<testsuite hostname="Lenovo" failures="0" tests="1" name="Scenarios.HandlingAlerts" time="36.775" errors="0" timestamp="2022-11-21T22:31:25 IST" skipped="0">
  <testcase classname="Scenarios.HandlingAlerts" name="handlingAlerts" time="36.775"/>
  <system-out/>
</testsuite> <!-- Scenarios.HandlingAlerts -->
