<?xml version="1.0" encoding="UTF-8"?>
<!-- Generated by org.testng.reporters.JUnitReportReporter -->
<testsuite hostname="Lenovo" failures="0" tests="1" name="Scenarios.HandlingCaptcha" time="6.630" errors="0" timestamp="2022-11-21T22:31:25 IST" skipped="0">
  <testcase classname="Scenarios.HandlingCaptcha" name="captcha1" time="6.630"/>
  <system-out/>
</testsuite> <!-- Scenarios.HandlingCaptcha -->
