<?xml version="1.0" encoding="UTF-8"?>
<!-- Generated by org.testng.reporters.JUnitReportReporter -->
<testsuite hostname="Lenovo" failures="0" tests="1" name="Scenarios.MultiOptsListBox" time="38.972" errors="0" timestamp="2022-11-21T22:31:25 IST" skipped="0">
  <testcase classname="Scenarios.MultiOptsListBox" name="listBox" time="38.972"/>
  <system-out/>
</testsuite> <!-- Scenarios.MultiOptsListBox -->
